make all --dry-run --always-make --keep-going --print-directory
make: Entering directory `/Users/jonask/Music/VCVRack/Rack/plugins/Seaside'
mkdir -p build/src
c++ -Iinc/DaisySP/Source -std=c++11 -stdlib=libc++   -fPIC -I../../include -I../../dep/include -MMD -MP -g -O3 -funsafe-math-optimizations -fno-omit-frame-pointer -Wall -Wextra -Wno-unused-parameter -DARCH_X64 -march=nehalem -DARCH_MAC -mmacosx-version-min=10.9  -c -o build/src/Eclipse.cpp.o src/Eclipse.cpp
mkdir -p build/src
c++ -Iinc/DaisySP/Source -std=c++11 -stdlib=libc++   -fPIC -I../../include -I../../dep/include -MMD -MP -g -O3 -funsafe-math-optimizations -fno-omit-frame-pointer -Wall -Wextra -Wno-unused-parameter -DARCH_X64 -march=nehalem -DARCH_MAC -mmacosx-version-min=10.9  -c -o build/src/Jawari.cpp.o src/Jawari.cpp
mkdir -p build/src
c++ -Iinc/DaisySP/Source -std=c++11 -stdlib=libc++   -fPIC -I../../include -I../../dep/include -MMD -MP -g -O3 -funsafe-math-optimizations -fno-omit-frame-pointer -Wall -Wextra -Wno-unused-parameter -DARCH_X64 -march=nehalem -DARCH_MAC -mmacosx-version-min=10.9  -c -o build/src/Proteus.cpp.o src/Proteus.cpp
mkdir -p build/src
c++ -Iinc/DaisySP/Source -std=c++11 -stdlib=libc++   -fPIC -I../../include -I../../dep/include -MMD -MP -g -O3 -funsafe-math-optimizations -fno-omit-frame-pointer -Wall -Wextra -Wno-unused-parameter -DARCH_X64 -march=nehalem -DARCH_MAC -mmacosx-version-min=10.9  -c -o build/src/ProteusPlus.cpp.o src/ProteusPlus.cpp
mkdir -p build/src
c++ -Iinc/DaisySP/Source -std=c++11 -stdlib=libc++   -fPIC -I../../include -I../../dep/include -MMD -MP -g -O3 -funsafe-math-optimizations -fno-omit-frame-pointer -Wall -Wextra -Wno-unused-parameter -DARCH_X64 -march=nehalem -DARCH_MAC -mmacosx-version-min=10.9  -c -o build/src/ProteusX.cpp.o src/ProteusX.cpp
mkdir -p build/src
c++ -Iinc/DaisySP/Source -std=c++11 -stdlib=libc++   -fPIC -I../../include -I../../dep/include -MMD -MP -g -O3 -funsafe-math-optimizations -fno-omit-frame-pointer -Wall -Wextra -Wno-unused-parameter -DARCH_X64 -march=nehalem -DARCH_MAC -mmacosx-version-min=10.9  -c -o build/src/plugin.cpp.o src/plugin.cpp
mkdir -p build/inc
c++ -Iinc/DaisySP/Source -std=c++11 -stdlib=libc++   -fPIC -I../../include -I../../dep/include -MMD -MP -g -O3 -funsafe-math-optimizations -fno-omit-frame-pointer -Wall -Wextra -Wno-unused-parameter -DARCH_X64 -march=nehalem -DARCH_MAC -mmacosx-version-min=10.9  -c -o build/inc/formantfilter.cpp.o inc/formantfilter.cpp
mkdir -p build/inc
c++ -Iinc/DaisySP/Source -std=c++11 -stdlib=libc++   -fPIC -I../../include -I../../dep/include -MMD -MP -g -O3 -funsafe-math-optimizations -fno-omit-frame-pointer -Wall -Wextra -Wno-unused-parameter -DARCH_X64 -march=nehalem -DARCH_MAC -mmacosx-version-min=10.9  -c -o build/inc/poisson.cpp.o inc/poisson.cpp
mkdir -p build/inc/DaisySP/Source/Control
c++ -Iinc/DaisySP/Source -std=c++11 -stdlib=libc++   -fPIC -I../../include -I../../dep/include -MMD -MP -g -O3 -funsafe-math-optimizations -fno-omit-frame-pointer -Wall -Wextra -Wno-unused-parameter -DARCH_X64 -march=nehalem -DARCH_MAC -mmacosx-version-min=10.9  -c -o build/inc/DaisySP/Source/Control/adenv.cpp.o inc/DaisySP/Source/Control/adenv.cpp
mkdir -p build/inc/DaisySP/Source/Control
c++ -Iinc/DaisySP/Source -std=c++11 -stdlib=libc++   -fPIC -I../../include -I../../dep/include -MMD -MP -g -O3 -funsafe-math-optimizations -fno-omit-frame-pointer -Wall -Wextra -Wno-unused-parameter -DARCH_X64 -march=nehalem -DARCH_MAC -mmacosx-version-min=10.9  -c -o build/inc/DaisySP/Source/Control/adsr.cpp.o inc/DaisySP/Source/Control/adsr.cpp
mkdir -p build/inc/DaisySP/Source/Control
c++ -Iinc/DaisySP/Source -std=c++11 -stdlib=libc++   -fPIC -I../../include -I../../dep/include -MMD -MP -g -O3 -funsafe-math-optimizations -fno-omit-frame-pointer -Wall -Wextra -Wno-unused-parameter -DARCH_X64 -march=nehalem -DARCH_MAC -mmacosx-version-min=10.9  -c -o build/inc/DaisySP/Source/Control/line.cpp.o inc/DaisySP/Source/Control/line.cpp
mkdir -p build/inc/DaisySP/Source/Control
c++ -Iinc/DaisySP/Source -std=c++11 -stdlib=libc++   -fPIC -I../../include -I../../dep/include -MMD -MP -g -O3 -funsafe-math-optimizations -fno-omit-frame-pointer -Wall -Wextra -Wno-unused-parameter -DARCH_X64 -march=nehalem -DARCH_MAC -mmacosx-version-min=10.9  -c -o build/inc/DaisySP/Source/Control/phasor.cpp.o inc/DaisySP/Source/Control/phasor.cpp
mkdir -p build/inc/DaisySP/Source/Drums
c++ -Iinc/DaisySP/Source -std=c++11 -stdlib=libc++   -fPIC -I../../include -I../../dep/include -MMD -MP -g -O3 -funsafe-math-optimizations -fno-omit-frame-pointer -Wall -Wextra -Wno-unused-parameter -DARCH_X64 -march=nehalem -DARCH_MAC -mmacosx-version-min=10.9  -c -o build/inc/DaisySP/Source/Drums/analogbassdrum.cpp.o inc/DaisySP/Source/Drums/analogbassdrum.cpp
mkdir -p build/inc/DaisySP/Source/Drums
c++ -Iinc/DaisySP/Source -std=c++11 -stdlib=libc++   -fPIC -I../../include -I../../dep/include -MMD -MP -g -O3 -funsafe-math-optimizations -fno-omit-frame-pointer -Wall -Wextra -Wno-unused-parameter -DARCH_X64 -march=nehalem -DARCH_MAC -mmacosx-version-min=10.9  -c -o build/inc/DaisySP/Source/Drums/analogsnaredrum.cpp.o inc/DaisySP/Source/Drums/analogsnaredrum.cpp
mkdir -p build/inc/DaisySP/Source/Drums
c++ -Iinc/DaisySP/Source -std=c++11 -stdlib=libc++   -fPIC -I../../include -I../../dep/include -MMD -MP -g -O3 -funsafe-math-optimizations -fno-omit-frame-pointer -Wall -Wextra -Wno-unused-parameter -DARCH_X64 -march=nehalem -DARCH_MAC -mmacosx-version-min=10.9  -c -o build/inc/DaisySP/Source/Drums/hihat.cpp.o inc/DaisySP/Source/Drums/hihat.cpp
mkdir -p build/inc/DaisySP/Source/Drums
c++ -Iinc/DaisySP/Source -std=c++11 -stdlib=libc++   -fPIC -I../../include -I../../dep/include -MMD -MP -g -O3 -funsafe-math-optimizations -fno-omit-frame-pointer -Wall -Wextra -Wno-unused-parameter -DARCH_X64 -march=nehalem -DARCH_MAC -mmacosx-version-min=10.9  -c -o build/inc/DaisySP/Source/Drums/synthbassdrum.cpp.o inc/DaisySP/Source/Drums/synthbassdrum.cpp
mkdir -p build/inc/DaisySP/Source/Drums
c++ -Iinc/DaisySP/Source -std=c++11 -stdlib=libc++   -fPIC -I../../include -I../../dep/include -MMD -MP -g -O3 -funsafe-math-optimizations -fno-omit-frame-pointer -Wall -Wextra -Wno-unused-parameter -DARCH_X64 -march=nehalem -DARCH_MAC -mmacosx-version-min=10.9  -c -o build/inc/DaisySP/Source/Drums/synthsnaredrum.cpp.o inc/DaisySP/Source/Drums/synthsnaredrum.cpp
mkdir -p build/inc/DaisySP/Source/Dynamics
c++ -Iinc/DaisySP/Source -std=c++11 -stdlib=libc++   -fPIC -I../../include -I../../dep/include -MMD -MP -g -O3 -funsafe-math-optimizations -fno-omit-frame-pointer -Wall -Wextra -Wno-unused-parameter -DARCH_X64 -march=nehalem -DARCH_MAC -mmacosx-version-min=10.9  -c -o build/inc/DaisySP/Source/Dynamics/balance.cpp.o inc/DaisySP/Source/Dynamics/balance.cpp
mkdir -p build/inc/DaisySP/Source/Dynamics
c++ -Iinc/DaisySP/Source -std=c++11 -stdlib=libc++   -fPIC -I../../include -I../../dep/include -MMD -MP -g -O3 -funsafe-math-optimizations -fno-omit-frame-pointer -Wall -Wextra -Wno-unused-parameter -DARCH_X64 -march=nehalem -DARCH_MAC -mmacosx-version-min=10.9  -c -o build/inc/DaisySP/Source/Dynamics/compressor.cpp.o inc/DaisySP/Source/Dynamics/compressor.cpp
mkdir -p build/inc/DaisySP/Source/Dynamics
c++ -Iinc/DaisySP/Source -std=c++11 -stdlib=libc++   -fPIC -I../../include -I../../dep/include -MMD -MP -g -O3 -funsafe-math-optimizations -fno-omit-frame-pointer -Wall -Wextra -Wno-unused-parameter -DARCH_X64 -march=nehalem -DARCH_MAC -mmacosx-version-min=10.9  -c -o build/inc/DaisySP/Source/Dynamics/crossfade.cpp.o inc/DaisySP/Source/Dynamics/crossfade.cpp
mkdir -p build/inc/DaisySP/Source/Dynamics
c++ -Iinc/DaisySP/Source -std=c++11 -stdlib=libc++   -fPIC -I../../include -I../../dep/include -MMD -MP -g -O3 -funsafe-math-optimizations -fno-omit-frame-pointer -Wall -Wextra -Wno-unused-parameter -DARCH_X64 -march=nehalem -DARCH_MAC -mmacosx-version-min=10.9  -c -o build/inc/DaisySP/Source/Dynamics/limiter.cpp.o inc/DaisySP/Source/Dynamics/limiter.cpp
mkdir -p build/inc/DaisySP/Source/Effects
 
c++ -Iinc/DaisySP/Source -std=c++11 -stdlib=libc++   -fPIC -I../../include -I../../dep/include -MMD -MP -g -O3 -funsafe-math-optimizations -fno-omit-frame-pointer -Wall -Wextra -Wno-unused-parameter -DARCH_X64 -march=nehalem -DARCH_MAC -mmacosx-version-min=10.9  -c -o build/inc/DaisySP/Source/Effects/autowah.cpp.o inc/DaisySP/Source/Effects/autowah.cpp
mkdir -p build/inc/DaisySP/Source/Effects
c++ -Iinc/DaisySP/Source -std=c++11 -stdlib=libc++   -fPIC -I../../include -I../../dep/include -MMD -MP -g -O3 -funsafe-math-optimizations -fno-omit-frame-pointer -Wall -Wextra -Wno-unused-parameter -DARCH_X64 -march=nehalem -DARCH_MAC -mmacosx-version-min=10.9  -c -o build/inc/DaisySP/Source/Effects/bitcrush.cpp.o inc/DaisySP/Source/Effects/bitcrush.cpp
mkdir -p build/inc/DaisySP/Source/Effects
c++ -Iinc/DaisySP/Source -std=c++11 -stdlib=libc++   -fPIC -I../../include -I../../dep/include -MMD -MP -g -O3 -funsafe-math-optimizations -fno-omit-frame-pointer -Wall -Wextra -Wno-unused-parameter -DARCH_X64 -march=nehalem -DARCH_MAC -mmacosx-version-min=10.9  -c -o build/inc/DaisySP/Source/Effects/chorus.cpp.o inc/DaisySP/Source/Effects/chorus.cpp
mkdir -p build/inc/DaisySP/Source/Effects
c++ -Iinc/DaisySP/Source -std=c++11 -stdlib=libc++   -fPIC -I../../include -I../../dep/include -MMD -MP -g -O3 -funsafe-math-optimizations -fno-omit-frame-pointer -Wall -Wextra -Wno-unused-parameter -DARCH_X64 -march=nehalem -DARCH_MAC -mmacosx-version-min=10.9  -c -o build/inc/DaisySP/Source/Effects/decimator.cpp.o inc/DaisySP/Source/Effects/decimator.cpp
mkdir -p build/inc/DaisySP/Source/Effects
c++ -Iinc/DaisySP/Source -std=c++11 -stdlib=libc++   -fPIC -I../../include -I../../dep/include -MMD -MP -g -O3 -funsafe-math-optimizations -fno-omit-frame-pointer -Wall -Wextra -Wno-unused-parameter -DARCH_X64 -march=nehalem -DARCH_MAC -mmacosx-version-min=10.9  -c -o build/inc/DaisySP/Source/Effects/flanger.cpp.o inc/DaisySP/Source/Effects/flanger.cpp
mkdir -p build/inc/DaisySP/Source/Effects
c++ -Iinc/DaisySP/Source -std=c++11 -stdlib=libc++   -fPIC -I../../include -I../../dep/include -MMD -MP -g -O3 -funsafe-math-optimizations -fno-omit-frame-pointer -Wall -Wextra -Wno-unused-parameter -DARCH_X64 -march=nehalem -DARCH_MAC -mmacosx-version-min=10.9  -c -o build/inc/DaisySP/Source/Effects/fold.cpp.o inc/DaisySP/Source/Effects/fold.cpp
mkdir -p build/inc/DaisySP/Source/Effects
c++ -Iinc/DaisySP/Source -std=c++11 -stdlib=libc++   -fPIC -I../../include -I../../dep/include -MMD -MP -g -O3 -funsafe-math-optimizations -fno-omit-frame-pointer -Wall -Wextra -Wno-unused-parameter -DARCH_X64 -march=nehalem -DARCH_MAC -mmacosx-version-min=10.9  -c -o build/inc/DaisySP/Source/Effects/overdrive.cpp.o inc/DaisySP/Source/Effects/overdrive.cpp
mkdir -p build/inc/DaisySP/Source/Effects
c++ -Iinc/DaisySP/Source -std=c++11 -stdlib=libc++   -fPIC -I../../include -I../../dep/include -MMD -MP -g -O3 -funsafe-math-optimizations -fno-omit-frame-pointer -Wall -Wextra -Wno-unused-parameter -DARCH_X64 -march=nehalem -DARCH_MAC -mmacosx-version-min=10.9  -c -o build/inc/DaisySP/Source/Effects/phaser.cpp.o inc/DaisySP/Source/Effects/phaser.cpp
mkdir -p build/inc/DaisySP/Source/Effects
c++ -Iinc/DaisySP/Source -std=c++11 -stdlib=libc++   -fPIC -I../../include -I../../dep/include -MMD -MP -g -O3 -funsafe-math-optimizations -fno-omit-frame-pointer -Wall -Wextra -Wno-unused-parameter -DARCH_X64 -march=nehalem -DARCH_MAC -mmacosx-version-min=10.9  -c -o build/inc/DaisySP/Source/Effects/reverbsc.cpp.o inc/DaisySP/Source/Effects/reverbsc.cpp
mkdir -p build/inc/DaisySP/Source/Effects
c++ -Iinc/DaisySP/Source -std=c++11 -stdlib=libc++   -fPIC -I../../include -I../../dep/include -MMD -MP -g -O3 -funsafe-math-optimizations -fno-omit-frame-pointer -Wall -Wextra -Wno-unused-parameter -DARCH_X64 -march=nehalem -DARCH_MAC -mmacosx-version-min=10.9  -c -o build/inc/DaisySP/Source/Effects/sampleratereducer.cpp.o inc/DaisySP/Source/Effects/sampleratereducer.cpp
mkdir -p build/inc/DaisySP/Source/Effects
c++ -Iinc/DaisySP/Source -std=c++11 -stdlib=libc++   -fPIC -I../../include -I../../dep/include -MMD -MP -g -O3 -funsafe-math-optimizations -fno-omit-frame-pointer -Wall -Wextra -Wno-unused-parameter -DARCH_X64 -march=nehalem -DARCH_MAC -mmacosx-version-min=10.9  -c -o build/inc/DaisySP/Source/Effects/tremolo.cpp.o inc/DaisySP/Source/Effects/tremolo.cpp
mkdir -p build/inc/DaisySP/Source/Filters
c++ -Iinc/DaisySP/Source -std=c++11 -stdlib=libc++   -fPIC -I../../include -I../../dep/include -MMD -MP -g -O3 -funsafe-math-optimizations -fno-omit-frame-pointer -Wall -Wextra -Wno-unused-parameter -DARCH_X64 -march=nehalem -DARCH_MAC -mmacosx-version-min=10.9  -c -o build/inc/DaisySP/Source/Filters/allpass.cpp.o inc/DaisySP/Source/Filters/allpass.cpp
mkdir -p build/inc/DaisySP/Source/Filters
c++ -Iinc/DaisySP/Source -std=c++11 -stdlib=libc++   -fPIC -I../../include -I../../dep/include -MMD -MP -g -O3 -funsafe-math-optimizations -fno-omit-frame-pointer -Wall -Wextra -Wno-unused-parameter -DARCH_X64 -march=nehalem -DARCH_MAC -mmacosx-version-min=10.9  -c -o build/inc/DaisySP/Source/Filters/atone.cpp.o inc/DaisySP/Source/Filters/atone.cpp
mkdir -p build/inc/DaisySP/Source/Filters
c++ -Iinc/DaisySP/Source -std=c++11 -stdlib=libc++   -fPIC -I../../include -I../../dep/include -MMD -MP -g -O3 -funsafe-math-optimizations -fno-omit-frame-pointer -Wall -Wextra -Wno-unused-parameter -DARCH_X64 -march=nehalem -DARCH_MAC -mmacosx-version-min=10.9  -c -o build/inc/DaisySP/Source/Filters/biquad.cpp.o inc/DaisySP/Source/Filters/biquad.cpp
mkdir -p build/inc/DaisySP/Source/Filters
c++ -Iinc/DaisySP/Source -std=c++11 -stdlib=libc++   -fPIC -I../../include -I../../dep/include -MMD -MP -g -O3 -funsafe-math-optimizations -fno-omit-frame-pointer -Wall -Wextra -Wno-unused-parameter -DARCH_X64 -march=nehalem -DARCH_MAC -mmacosx-version-min=10.9  -c -o build/inc/DaisySP/Source/Filters/comb.cpp.o inc/DaisySP/Source/Filters/comb.cpp
mkdir -p build/inc/DaisySP/Source/Filters
c++ -Iinc/DaisySP/Source -std=c++11 -stdlib=libc++   -fPIC -I../../include -I../../dep/include -MMD -MP -g -O3 -funsafe-math-optimizations -fno-omit-frame-pointer -Wall -Wextra -Wno-unused-parameter -DARCH_X64 -march=nehalem -DARCH_MAC -mmacosx-version-min=10.9  -c -o build/inc/DaisySP/Source/Filters/mode.cpp.o inc/DaisySP/Source/Filters/mode.cpp
mkdir -p build/inc/DaisySP/Source/Filters
c++ -Iinc/DaisySP/Source -std=c++11 -stdlib=libc++   -fPIC -I../../include -I../../dep/include -MMD -MP -g -O3 -funsafe-math-optimizations -fno-omit-frame-pointer -Wall -Wextra -Wno-unused-parameter -DARCH_X64 -march=nehalem -DARCH_MAC -mmacosx-version-min=10.9  -c -o build/inc/DaisySP/Source/Filters/moogladder.cpp.o inc/DaisySP/Source/Filters/moogladder.cpp
mkdir -p build/inc/DaisySP/Source/Filters
c++ -Iinc/DaisySP/Source -std=c++11 -stdlib=libc++   -fPIC -I../../include -I../../dep/include -MMD -MP -g -O3 -funsafe-math-optimizations -fno-omit-frame-pointer -Wall -Wextra -Wno-unused-parameter -DARCH_X64 -march=nehalem -DARCH_MAC -mmacosx-version-min=10.9  -c -o build/inc/DaisySP/Source/Filters/nlfilt.cpp.o inc/DaisySP/Source/Filters/nlfilt.cpp
mkdir -p build/inc/DaisySP/Source/Filters
c++ -Iinc/DaisySP/Source -std=c++11 -stdlib=libc++   -fPIC -I../../include -I../../dep/include -MMD -MP -g -O3 -funsafe-math-optimizations -fno-omit-frame-pointer -Wall -Wextra -Wno-unused-parameter -DARCH_X64 -march=nehalem -DARCH_MAC -mmacosx-version-min=10.9  -c -o build/inc/DaisySP/Source/Filters/svf.cpp.o inc/DaisySP/Source/Filters/svf.cpp
mkdir -p build/inc/DaisySP/Source/Filters
c++ -Iinc/DaisySP/Source -std=c++11 -stdlib=libc++   -fPIC -I../../include -I../../dep/include -MMD -MP -g -O3 -funsafe-math-optimizations -fno-omit-frame-pointer -Wall -Wextra -Wno-unused-parameter -DARCH_X64 -march=nehalem -DARCH_MAC -mmacosx-version-min=10.9  -c -o build/inc/DaisySP/Source/Filters/tone.cpp.o inc/DaisySP/Source/Filters/tone.cpp
mkdir -p build/inc/DaisySP/Source/Noise
 
c++ -Iinc/DaisySP/Source -std=c++11 -stdlib=libc++   -fPIC -I../../include -I../../dep/include -MMD -MP -g -O3 -funsafe-math-optimizations -fno-omit-frame-pointer -Wall -Wextra -Wno-unused-parameter -DARCH_X64 -march=nehalem -DARCH_MAC -mmacosx-version-min=10.9  -c -o build/inc/DaisySP/Source/Noise/clockednoise.cpp.o inc/DaisySP/Source/Noise/clockednoise.cpp
mkdir -p build/inc/DaisySP/Source/Noise
c++ -Iinc/DaisySP/Source -std=c++11 -stdlib=libc++   -fPIC -I../../include -I../../dep/include -MMD -MP -g -O3 -funsafe-math-optimizations -fno-omit-frame-pointer -Wall -Wextra -Wno-unused-parameter -DARCH_X64 -march=nehalem -DARCH_MAC -mmacosx-version-min=10.9  -c -o build/inc/DaisySP/Source/Noise/grainlet.cpp.o inc/DaisySP/Source/Noise/grainlet.cpp
mkdir -p build/inc/DaisySP/Source/Noise
c++ -Iinc/DaisySP/Source -std=c++11 -stdlib=libc++   -fPIC -I../../include -I../../dep/include -MMD -MP -g -O3 -funsafe-math-optimizations -fno-omit-frame-pointer -Wall -Wextra -Wno-unused-parameter -DARCH_X64 -march=nehalem -DARCH_MAC -mmacosx-version-min=10.9  -c -o build/inc/DaisySP/Source/Noise/particle.cpp.o inc/DaisySP/Source/Noise/particle.cpp
mkdir -p build/inc/DaisySP/Source/PhysicalModeling
c++ -Iinc/DaisySP/Source -std=c++11 -stdlib=libc++   -fPIC -I../../include -I../../dep/include -MMD -MP -g -O3 -funsafe-math-optimizations -fno-omit-frame-pointer -Wall -Wextra -Wno-unused-parameter -DARCH_X64 -march=nehalem -DARCH_MAC -mmacosx-version-min=10.9  -c -o build/inc/DaisySP/Source/PhysicalModeling/KarplusString.cpp.o inc/DaisySP/Source/PhysicalModeling/KarplusString.cpp
mkdir -p build/inc/DaisySP/Source/PhysicalModeling
c++ -Iinc/DaisySP/Source -std=c++11 -stdlib=libc++   -fPIC -I../../include -I../../dep/include -MMD -MP -g -O3 -funsafe-math-optimizations -fno-omit-frame-pointer -Wall -Wextra -Wno-unused-parameter -DARCH_X64 -march=nehalem -DARCH_MAC -mmacosx-version-min=10.9  -c -o build/inc/DaisySP/Source/PhysicalModeling/drip.cpp.o inc/DaisySP/Source/PhysicalModeling/drip.cpp
mkdir -p build/inc/DaisySP/Source/PhysicalModeling
c++ -Iinc/DaisySP/Source -std=c++11 -stdlib=libc++   -fPIC -I../../include -I../../dep/include -MMD -MP -g -O3 -funsafe-math-optimizations -fno-omit-frame-pointer -Wall -Wextra -Wno-unused-parameter -DARCH_X64 -march=nehalem -DARCH_MAC -mmacosx-version-min=10.9  -c -o build/inc/DaisySP/Source/PhysicalModeling/modalvoice.cpp.o inc/DaisySP/Source/PhysicalModeling/modalvoice.cpp
mkdir -p build/inc/DaisySP/Source/PhysicalModeling
c++ -Iinc/DaisySP/Source -std=c++11 -stdlib=libc++   -fPIC -I../../include -I../../dep/include -MMD -MP -g -O3 -funsafe-math-optimizations -fno-omit-frame-pointer -Wall -Wextra -Wno-unused-parameter -DARCH_X64 -march=nehalem -DARCH_MAC -mmacosx-version-min=10.9  -c -o build/inc/DaisySP/Source/PhysicalModeling/pluck.cpp.o inc/DaisySP/Source/PhysicalModeling/pluck.cpp
mkdir -p build/inc/DaisySP/Source/PhysicalModeling
c++ -Iinc/DaisySP/Source -std=c++11 -stdlib=libc++   -fPIC -I../../include -I../../dep/include -MMD -MP -g -O3 -funsafe-math-optimizations -fno-omit-frame-pointer -Wall -Wextra -Wno-unused-parameter -DARCH_X64 -march=nehalem -DARCH_MAC -mmacosx-version-min=10.9  -c -o build/inc/DaisySP/Source/PhysicalModeling/resonator.cpp.o inc/DaisySP/Source/PhysicalModeling/resonator.cpp
mkdir -p build/inc/DaisySP/Source/PhysicalModeling
c++ -Iinc/DaisySP/Source -std=c++11 -stdlib=libc++   -fPIC -I../../include -I../../dep/include -MMD -MP -g -O3 -funsafe-math-optimizations -fno-omit-frame-pointer -Wall -Wextra -Wno-unused-parameter -DARCH_X64 -march=nehalem -DARCH_MAC -mmacosx-version-min=10.9  -c -o build/inc/DaisySP/Source/PhysicalModeling/stringvoice.cpp.o inc/DaisySP/Source/PhysicalModeling/stringvoice.cpp
mkdir -p build/inc/DaisySP/Source/Synthesis
c++ -Iinc/DaisySP/Source -std=c++11 -stdlib=libc++   -fPIC -I../../include -I../../dep/include -MMD -MP -g -O3 -funsafe-math-optimizations -fno-omit-frame-pointer -Wall -Wextra -Wno-unused-parameter -DARCH_X64 -march=nehalem -DARCH_MAC -mmacosx-version-min=10.9  -c -o build/inc/DaisySP/Source/Synthesis/blosc.cpp.o inc/DaisySP/Source/Synthesis/blosc.cpp
mkdir -p build/inc/DaisySP/Source/Synthesis
c++ -Iinc/DaisySP/Source -std=c++11 -stdlib=libc++   -fPIC -I../../include -I../../dep/include -MMD -MP -g -O3 -funsafe-math-optimizations -fno-omit-frame-pointer -Wall -Wextra -Wno-unused-parameter -DARCH_X64 -march=nehalem -DARCH_MAC -mmacosx-version-min=10.9  -c -o build/inc/DaisySP/Source/Synthesis/fm2.cpp.o inc/DaisySP/Source/Synthesis/fm2.cpp
mkdir -p build/inc/DaisySP/Source/Synthesis
c++ -Iinc/DaisySP/Source -std=c++11 -stdlib=libc++   -fPIC -I../../include -I../../dep/include -MMD -MP -g -O3 -funsafe-math-optimizations -fno-omit-frame-pointer -Wall -Wextra -Wno-unused-parameter -DARCH_X64 -march=nehalem -DARCH_MAC -mmacosx-version-min=10.9  -c -o build/inc/DaisySP/Source/Synthesis/formantosc.cpp.o inc/DaisySP/Source/Synthesis/formantosc.cpp
mkdir -p build/inc/DaisySP/Source/Synthesis
c++ -Iinc/DaisySP/Source -std=c++11 -stdlib=libc++   -fPIC -I../../include -I../../dep/include -MMD -MP -g -O3 -funsafe-math-optimizations -fno-omit-frame-pointer -Wall -Wextra -Wno-unused-parameter -DARCH_X64 -march=nehalem -DARCH_MAC -mmacosx-version-min=10.9  -c -o build/inc/DaisySP/Source/Synthesis/oscillator.cpp.o inc/DaisySP/Source/Synthesis/oscillator.cpp
mkdir -p build/inc/DaisySP/Source/Synthesis
c++ -Iinc/DaisySP/Source -std=c++11 -stdlib=libc++   -fPIC -I../../include -I../../dep/include -MMD -MP -g -O3 -funsafe-math-optimizations -fno-omit-frame-pointer -Wall -Wextra -Wno-unused-parameter -DARCH_X64 -march=nehalem -DARCH_MAC -mmacosx-version-min=10.9  -c -o build/inc/DaisySP/Source/Synthesis/oscillatorbank.cpp.o inc/DaisySP/Source/Synthesis/oscillatorbank.cpp
mkdir -p build/inc/DaisySP/Source/Synthesis
c++ -Iinc/DaisySP/Source -std=c++11 -stdlib=libc++   -fPIC -I../../include -I../../dep/include -MMD -MP -g -O3 -funsafe-math-optimizations -fno-omit-frame-pointer -Wall -Wextra -Wno-unused-parameter -DARCH_X64 -march=nehalem -DARCH_MAC -mmacosx-version-min=10.9  -c -o build/inc/DaisySP/Source/Synthesis/variablesawosc.cpp.o inc/DaisySP/Source/Synthesis/variablesawosc.cpp
mkdir -p build/inc/DaisySP/Source/Synthesis
c++ -Iinc/DaisySP/Source -std=c++11 -stdlib=libc++   -fPIC -I../../include -I../../dep/include -MMD -MP -g -O3 -funsafe-math-optimizations -fno-omit-frame-pointer -Wall -Wextra -Wno-unused-parameter -DARCH_X64 -march=nehalem -DARCH_MAC -mmacosx-version-min=10.9  -c -o build/inc/DaisySP/Source/Synthesis/variableshapeosc.cpp.o inc/DaisySP/Source/Synthesis/variableshapeosc.cpp
mkdir -p build/inc/DaisySP/Source/Synthesis
c++ -Iinc/DaisySP/Source -std=c++11 -stdlib=libc++   -fPIC -I../../include -I../../dep/include -MMD -MP -g -O3 -funsafe-math-optimizations -fno-omit-frame-pointer -Wall -Wextra -Wno-unused-parameter -DARCH_X64 -march=nehalem -DARCH_MAC -mmacosx-version-min=10.9  -c -o build/inc/DaisySP/Source/Synthesis/vosim.cpp.o inc/DaisySP/Source/Synthesis/vosim.cpp
mkdir -p build/inc/DaisySP/Source/Synthesis
c++ -Iinc/DaisySP/Source -std=c++11 -stdlib=libc++   -fPIC -I../../include -I../../dep/include -MMD -MP -g -O3 -funsafe-math-optimizations -fno-omit-frame-pointer -Wall -Wextra -Wno-unused-parameter -DARCH_X64 -march=nehalem -DARCH_MAC -mmacosx-version-min=10.9  -c -o build/inc/DaisySP/Source/Synthesis/zoscillator.cpp.o inc/DaisySP/Source/Synthesis/zoscillator.cpp
mkdir -p build/inc/DaisySP/Source/Utility
c++ -Iinc/DaisySP/Source -std=c++11 -stdlib=libc++   -fPIC -I../../include -I../../dep/include -MMD -MP -g -O3 -funsafe-math-optimizations -fno-omit-frame-pointer -Wall -Wextra -Wno-unused-parameter -DARCH_X64 -march=nehalem -DARCH_MAC -mmacosx-version-min=10.9  -c -o build/inc/DaisySP/Source/Utility/dcblock.cpp.o inc/DaisySP/Source/Utility/dcblock.cpp
mkdir -p build/inc/DaisySP/Source/Utility
c++ -Iinc/DaisySP/Source -std=c++11 -stdlib=libc++   -fPIC -I../../include -I../../dep/include -MMD -MP -g -O3 -funsafe-math-optimizations -fno-omit-frame-pointer -Wall -Wextra -Wno-unused-parameter -DARCH_X64 -march=nehalem -DARCH_MAC -mmacosx-version-min=10.9  -c -o build/inc/DaisySP/Source/Utility/jitter.cpp.o inc/DaisySP/Source/Utility/jitter.cpp
 
mkdir -p build/inc/DaisySP/Source/Utility
c++ -Iinc/DaisySP/Source -std=c++11 -stdlib=libc++   -fPIC -I../../include -I../../dep/include -MMD -MP -g -O3 -funsafe-math-optimizations -fno-omit-frame-pointer -Wall -Wextra -Wno-unused-parameter -DARCH_X64 -march=nehalem -DARCH_MAC -mmacosx-version-min=10.9  -c -o build/inc/DaisySP/Source/Utility/metro.cpp.o inc/DaisySP/Source/Utility/metro.cpp
mkdir -p build/inc/DaisySP/Source/Utility
c++ -Iinc/DaisySP/Source -std=c++11 -stdlib=libc++   -fPIC -I../../include -I../../dep/include -MMD -MP -g -O3 -funsafe-math-optimizations -fno-omit-frame-pointer -Wall -Wextra -Wno-unused-parameter -DARCH_X64 -march=nehalem -DARCH_MAC -mmacosx-version-min=10.9  -c -o build/inc/DaisySP/Source/Utility/port.cpp.o inc/DaisySP/Source/Utility/port.cpp
c++ -o plugin.dylib build/src/Eclipse.cpp.o build/src/Jawari.cpp.o build/src/Proteus.cpp.o build/src/ProteusPlus.cpp.o build/src/ProteusX.cpp.o build/src/plugin.cpp.o build/inc/formantfilter.cpp.o build/inc/poisson.cpp.o build/inc/DaisySP/Source/Control/adenv.cpp.o build/inc/DaisySP/Source/Control/adsr.cpp.o build/inc/DaisySP/Source/Control/line.cpp.o build/inc/DaisySP/Source/Control/phasor.cpp.o build/inc/DaisySP/Source/Drums/analogbassdrum.cpp.o build/inc/DaisySP/Source/Drums/analogsnaredrum.cpp.o build/inc/DaisySP/Source/Drums/hihat.cpp.o build/inc/DaisySP/Source/Drums/synthbassdrum.cpp.o build/inc/DaisySP/Source/Drums/synthsnaredrum.cpp.o build/inc/DaisySP/Source/Dynamics/balance.cpp.o build/inc/DaisySP/Source/Dynamics/compressor.cpp.o build/inc/DaisySP/Source/Dynamics/crossfade.cpp.o build/inc/DaisySP/Source/Dynamics/limiter.cpp.o build/inc/DaisySP/Source/Effects/autowah.cpp.o build/inc/DaisySP/Source/Effects/bitcrush.cpp.o build/inc/DaisySP/Source/Effects/chorus.cpp.o build/inc/DaisySP/Source/Effects/decimator.cpp.o build/inc/DaisySP/Source/Effects/flanger.cpp.o build/inc/DaisySP/Source/Effects/fold.cpp.o build/inc/DaisySP/Source/Effects/overdrive.cpp.o build/inc/DaisySP/Source/Effects/phaser.cpp.o build/inc/DaisySP/Source/Effects/reverbsc.cpp.o build/inc/DaisySP/Source/Effects/sampleratereducer.cpp.o build/inc/DaisySP/Source/Effects/tremolo.cpp.o build/inc/DaisySP/Source/Filters/allpass.cpp.o build/inc/DaisySP/Source/Filters/atone.cpp.o build/inc/DaisySP/Source/Filters/biquad.cpp.o build/inc/DaisySP/Source/Filters/comb.cpp.o build/inc/DaisySP/Source/Filters/mode.cpp.o build/inc/DaisySP/Source/Filters/moogladder.cpp.o build/inc/DaisySP/Source/Filters/nlfilt.cpp.o build/inc/DaisySP/Source/Filters/svf.cpp.o build/inc/DaisySP/Source/Filters/tone.cpp.o build/inc/DaisySP/Source/Noise/clockednoise.cpp.o build/inc/DaisySP/Source/Noise/grainlet.cpp.o build/inc/DaisySP/Source/Noise/particle.cpp.o build/inc/DaisySP/Source/PhysicalModeling/KarplusString.cpp.o build/inc/DaisySP/Source/PhysicalModeling/drip.cpp.o build/inc/DaisySP/Source/PhysicalModeling/modalvoice.cpp.o build/inc/DaisySP/Source/PhysicalModeling/pluck.cpp.o build/inc/DaisySP/Source/PhysicalModeling/resonator.cpp.o build/inc/DaisySP/Source/PhysicalModeling/stringvoice.cpp.o build/inc/DaisySP/Source/Synthesis/blosc.cpp.o build/inc/DaisySP/Source/Synthesis/fm2.cpp.o build/inc/DaisySP/Source/Synthesis/formantosc.cpp.o build/inc/DaisySP/Source/Synthesis/oscillator.cpp.o build/inc/DaisySP/Source/Synthesis/oscillatorbank.cpp.o build/inc/DaisySP/Source/Synthesis/variablesawosc.cpp.o build/inc/DaisySP/Source/Synthesis/variableshapeosc.cpp.o build/inc/DaisySP/Source/Synthesis/vosim.cpp.o build/inc/DaisySP/Source/Synthesis/zoscillator.cpp.o build/inc/DaisySP/Source/Utility/dcblock.cpp.o build/inc/DaisySP/Source/Utility/jitter.cpp.o build/inc/DaisySP/Source/Utility/metro.cpp.o build/inc/DaisySP/Source/Utility/port.cpp.o -shared -L../.. -lRack -undefined dynamic_lookup -stdlib=libc++ -mmacosx-version-min=10.9 
make: Leaving directory `/Users/jonask/Music/VCVRack/Rack/plugins/Seaside'
 
