make all --print-data-base --no-builtin-variables --no-builtin-rules --question
# GNU Make 3.81
# Copyright (C) 2006  Free Software Foundation, Inc.
# This is free software; see the source for copying conditions.
# There is NO warranty; not even for MERCHANTABILITY or FITNESS FOR A
# PARTICULAR PURPOSE.

# This program built for i386-apple-darwin11.3.0
 
make: -dumpmachine: Command not found

make: -dumpmachine: Command not found

make: -dumpmachine: Command not found

make: -dumpmachine: Command not found

../../arch.mk:17: *** Could not determine CPU architecture of .  Stop.


# Make data base, printed on Thu Mar 23 21:55:24 2023

# Variables

# automatic
<D = $(patsubst %/,%,$(dir $<))
# automatic
?F = $(notdir $?)
# environment
VSCODE_CRASH_REPORTER_PROCESS_TYPE = extensionHost
# automatic
?D = $(patsubst %/,%,$(dir $?))
# automatic
@D = $(patsubst %/,%,$(dir $@))
# automatic
@F = $(notdir $@)
# makefile (from `../../plugin.mk', line 5)
SLUG := SeasideModular
# makefile
CURDIR := /Users/jonask/Music/VCVRack/Rack/plugins/Seaside
 
# makefile
SHELL = /bin/sh
# environment
VSCODE_NLS_CONFIG = {"locale":"en-us","availableLanguages":{},"_languagePackSupport":true}
# environment
_ = /usr/bin/make
# environment
FSLDIR = /usr/local/fsl
# makefile (from `../../arch.mk', line 1)
MAKEFILE_LIST :=  Makefile ../../plugin.mk ../../arch.mk
# makefile (from `Makefile', line 15)
SOURCES = $(wildcard src/*.cpp) $(wildcard inc/*.cpp) ${wildcard inc/DaisySP/Source/**/*.cpp} ${wildcard inc/stk/src/*.cpp}
# makefile (from `Makefile', line 8)
CXXFLAGS = -I$(DAISYSP_DIR)/Source
# makefile (from `../../plugin.mk', line 6)
VERSION := 2.4.1
# environment
__CFBundleIdentifier = com.microsoft.VSCode
# environment
FSLOUTPUTTYPE = NIFTI_GZ
# environment
VSCODE_CWD = /
# environment
GSETTINGS_SCHEMA_DIR = /Users/jonask/opt/anaconda3/share/glib-2.0/schemas
# environment
PATH = /Users/jonask/opt/anaconda3/bin:/Users/jonask/opt/anaconda3/condabin:/Users/jonas/bin:/Users/jonask/anaconda/bin:/usr/local/fsl/bin:/usr/local/bin:/System/Cryptexes/App/usr/bin:/usr/bin:/bin:/usr/sbin:/sbin:/Library/TeX/texbin:/usr/local/MacGPG2/bin:/opt/X11/bin:/Library/Apple/usr/bin:/Users/jonask/bin:/Users/jonask/fMRI/moralframing/scripts:/usr/local/fsl/bin:/usr/local/mysql/bin:/Users/jonask/.composer/vendor/bin
# environment
LSCOLORS = excxdxdxgxdxdxbxdxdxex
# makefile (from `../../plugin.mk', line 15)
DISTRIBUTABLES = res $(wildcard LICENSE*) $(wildcard presets) plugin.json
# makefile (from `Makefile', line 3)
DAISYSP_DIR = inc/DaisySP
# environment
ELECTRON_RUN_AS_NODE = 1
# makefile (from `../../plugin.mk', line 22)
LDFLAGS = -shared -L$(RACK_DIR) -lRack
# default
.FEATURES := target-specific order-only second-expansion else-if archives jobserver check-symlink
# environment
SSH_AUTH_SOCK = /private/tmp/com.apple.launchd.U1TcZ1l4tZ/Listeners
# automatic
%F = $(notdir $%)
# environment
DISPLAY = /private/tmp/com.apple.launchd.enh58ey8Yw/org.xquartz:0
# environment
CONDA_EXE = /Users/jonask/opt/anaconda3/bin/conda
# environment
PWD = /Users/jonask/Music/VCVRack/Rack/plugins/Seaside
# environment
ORIGINAL_XDG_CURRENT_DESKTOP = undefined
# environment
FSLMULTIFILEQUIT = TRUE
# environment
VSCODE_AMD_ENTRYPOINT = vs/workbench/api/node/extensionHostProcess
# environment
HOME = /Users/jonask
# default
MAKEFILEPATH = $(shell /usr/bin/xcode-select -print-path 2>/dev/null || echo /Developer)/Makefiles
# environment
VSCODE_CODE_CACHE_PATH = /Users/jonask/Library/Application Support/Code/CachedData/ee2b180d582a7f601fa6ecfdad8d9fd269ab1884
# environment
LOGNAME = jonask
# environment
APPLICATION_INSIGHTS_NO_DIAGNOSTIC_CHANNEL = 1
# makefile (from `Makefile', line 2)
RACK_DIR = ../..
# environment
VSCODE_HANDLES_UNCAUGHT_ERRORS = true
# automatic
^D = $(patsubst %/,%,$(dir $^))
# environment
CONDA_DEFAULT_ENV = base
# environment
XPC_FLAGS = 0x0
# default
MAKE = $(MAKE_COMMAND)
# environment
FSLGECUDAQ = cuda.q
# environment
SHLVL = 1
# environment
JAVA_HOME = /Library/Java/JavaVirtualMachines/temurin-17.jdk/Contents/Home
# environment
VSCODE_CRASH_REPORTER_SANDBOXED_HINT = 1
# default
MAKE_VERSION := 3.81
# environment
USER = jonask
# makefile
.DEFAULT_GOAL := 
# default
MAKECMDGOALS := all
# automatic
%D = $(patsubst %/,%,$(dir $%))
# environment
CONDA_SHLVL = 1
# default
MAKE_COMMAND := /Library/Developer/CommandLineTools/usr/bin/make
# default
.VARIABLES := 
# environment
TMPDIR = /var/folders/0q/sbsy1b4j0g95g3j3ztxp7pdw0000gn/T/
# automatic
*F = $(notdir $*)
# environment
VSCODE_IPC_HOOK = /Users/jonask/Library/Application Support/Code/1.76-main.sock
# environment
MallocNanoZone = 0
# environment
DISCORD_TOKEN = MTA0NTExNTYyMjg4MDcyMzA0Ng.GxwTps.3HfQwyjFZjvV2OzAKpUGlzgrM2VkWUXbEmlapM
# makefile
MAKEFLAGS = Rrqp
# environment
MFLAGS = -Rrqp
# automatic
*D = $(patsubst %/,%,$(dir $*))
# environment
XPC_SERVICE_NAME = application.com.microsoft.VSCode.253507528.253507534
# automatic
+D = $(patsubst %/,%,$(dir $+))
# environment
VSCODE_L10N_BUNDLE_LOCATION = 
# automatic
+F = $(notdir $+)
# environment
__CF_USER_TEXT_ENCODING = 0x1F5:0x0:0x0
# environment
COMMAND_MODE = unix2003
# default
MAKEFILES := 
# environment
FSLTCLSH = /usr/local/fsl/bin/fsltclsh
# automatic
<F = $(notdir $<)
# environment
LC_ALL = C
# environment
CONDA_PYTHON_EXE = /Users/jonask/opt/anaconda3/bin/python
# automatic
^F = $(notdir $^)
# default
SUFFIXES := 
# makefile (from `../../plugin.mk', line 18)
FLAGS =  -fPIC -I$(RACK_DIR)/include -I$(RACK_DIR)/dep/include
# makefile (from `../../arch.mk', line 4)
MACHINE = $(shell $(CC) -dumpmachine)
# default
.INCLUDE_DIRS = /usr/local/include
# environment
FSLWISH = /usr/local/fsl/bin/fslwish
# environment
MAKELEVEL := 0
# environment
CLICOLOR = 1
# environment
CONDA_PREFIX = /Users/jonask/opt/anaconda3
# environment
VSCODE_PID = 59157
# environment
LANG = C
# variable set hash-table stats:
# Load=88/1024=9%, Rehash=0, Collisions=4/157=3%

# Pattern-specific Variable Values

# No pattern-specific variable values.

# Directories

# . (device 16777223, inode 153048404): 23 files, no impossibilities.

# 23 files, no impossibilities in 1 directories.

# Implicit Rules

# No implicit rules.

 
# Files

# Not a target:
all:
#  Command-line target.
#  Implicit rule search has not been done.
#  Modification time never checked.
#  File has not been updated.

# Not a target:
../../arch.mk:
#  Implicit rule search has not been done.
#  Modification time never checked.
#  File has not been updated.

# Not a target:
.SUFFIXES:
#  Implicit rule search has not been done.
#  Modification time never checked.
#  File has not been updated.

# Not a target:
Makefile:
#  Implicit rule search has not been done.
#  Modification time never checked.
#  File has not been updated.

# Not a target:
.DEFAULT:
#  Implicit rule search has not been done.
#  Modification time never checked.
#  File has not been updated.

# Not a target:
../../plugin.mk:
#  Implicit rule search has not been done.
#  Modification time never checked.
#  File has not been updated.

# files hash-table stats:
# Load=6/1024=1%, Rehash=0, Collisions=0/9=0%
# VPATH Search Paths

# No `vpath' search paths.

# No general (`VPATH' variable) search path.

# # of strings in strcache: 3
# # of strcache buffers: 1
# strcache size: total = 4096 / max = 4096 / min = 4096 / avg = 4096
# strcache free: total = 4057 / max = 4057 / min = 4057 / avg = 4057

# Finished Make data base on Thu Mar 23 21:55:24 2023

 
